mode: atomic
github.com/Knappek/mongodbatlas-operator/pkg/controller/mongodbatlasproject/mongodbatlasproject_controller.go:28.37,30.2 1 0
github.com/Knappek/mongodbatlas-operator/pkg/controller/mongodbatlasproject/mongodbatlasproject_controller.go:33.62,35.2 1 0
github.com/Knappek/mongodbatlas-operator/pkg/controller/mongodbatlasproject/mongodbatlasproject_controller.go:38.61,41.16 2 0
github.com/Knappek/mongodbatlas-operator/pkg/controller/mongodbatlasproject/mongodbatlasproject_controller.go:46.2,47.16 2 0
github.com/Knappek/mongodbatlas-operator/pkg/controller/mongodbatlasproject/mongodbatlasproject_controller.go:51.2,51.12 1 0
github.com/Knappek/mongodbatlas-operator/pkg/controller/mongodbatlasproject/mongodbatlasproject_controller.go:41.16,43.3 1 0
github.com/Knappek/mongodbatlas-operator/pkg/controller/mongodbatlasproject/mongodbatlasproject_controller.go:47.16,49.3 1 0
github.com/Knappek/mongodbatlas-operator/pkg/controller/mongodbatlasproject/mongodbatlasproject_controller.go:70.103,76.16 4 2
github.com/Knappek/mongodbatlas-operator/pkg/controller/mongodbatlasproject/mongodbatlasproject_controller.go:88.2,89.16 2 2
github.com/Knappek/mongodbatlas-operator/pkg/controller/mongodbatlasproject/mongodbatlasproject_controller.go:94.2,95.16 2 2
github.com/Knappek/mongodbatlas-operator/pkg/controller/mongodbatlasproject/mongodbatlasproject_controller.go:100.2,101.38 2 2
github.com/Knappek/mongodbatlas-operator/pkg/controller/mongodbatlasproject/mongodbatlasproject_controller.go:119.2,119.64 1 1
github.com/Knappek/mongodbatlas-operator/pkg/controller/mongodbatlasproject/mongodbatlasproject_controller.go:124.2,124.62 1 1
github.com/Knappek/mongodbatlas-operator/pkg/controller/mongodbatlasproject/mongodbatlasproject_controller.go:76.16,77.29 1 0
github.com/Knappek/mongodbatlas-operator/pkg/controller/mongodbatlasproject/mongodbatlasproject_controller.go:84.3,84.33 1 0
github.com/Knappek/mongodbatlas-operator/pkg/controller/mongodbatlasproject/mongodbatlasproject_controller.go:77.29,82.4 1 0
github.com/Knappek/mongodbatlas-operator/pkg/controller/mongodbatlasproject/mongodbatlasproject_controller.go:89.16,91.3 1 0
github.com/Knappek/mongodbatlas-operator/pkg/controller/mongodbatlasproject/mongodbatlasproject_controller.go:95.16,97.3 1 0
github.com/Knappek/mongodbatlas-operator/pkg/controller/mongodbatlasproject/mongodbatlasproject_controller.go:101.38,104.17 2 1
github.com/Knappek/mongodbatlas-operator/pkg/controller/mongodbatlasproject/mongodbatlasproject_controller.go:108.3,112.17 3 1
github.com/Knappek/mongodbatlas-operator/pkg/controller/mongodbatlasproject/mongodbatlasproject_controller.go:116.3,116.33 1 1
github.com/Knappek/mongodbatlas-operator/pkg/controller/mongodbatlasproject/mongodbatlasproject_controller.go:104.17,106.4 1 0
github.com/Knappek/mongodbatlas-operator/pkg/controller/mongodbatlasproject/mongodbatlasproject_controller.go:112.17,114.4 1 0
github.com/Knappek/mongodbatlas-operator/pkg/controller/mongodbatlasproject/mongodbatlasproject_controller.go:119.64,121.3 1 0
github.com/Knappek/mongodbatlas-operator/pkg/controller/mongodbatlasproject/mongodbatlasproject_controller.go:127.126,134.16 3 2
github.com/Knappek/mongodbatlas-operator/pkg/controller/mongodbatlasproject/mongodbatlasproject_controller.go:141.2,147.12 6 2
github.com/Knappek/mongodbatlas-operator/pkg/controller/mongodbatlasproject/mongodbatlasproject_controller.go:134.16,136.17 2 1
github.com/Knappek/mongodbatlas-operator/pkg/controller/mongodbatlasproject/mongodbatlasproject_controller.go:139.3,139.83 1 1
github.com/Knappek/mongodbatlas-operator/pkg/controller/mongodbatlasproject/mongodbatlasproject_controller.go:136.17,138.4 1 0
github.com/Knappek/mongodbatlas-operator/pkg/controller/mongodbatlasproject/mongodbatlasproject_controller.go:150.126,153.16 2 1
github.com/Knappek/mongodbatlas-operator/pkg/controller/mongodbatlasproject/mongodbatlasproject_controller.go:162.2,164.16 3 1
github.com/Knappek/mongodbatlas-operator/pkg/controller/mongodbatlasproject/mongodbatlasproject_controller.go:167.2,168.12 2 1
github.com/Knappek/mongodbatlas-operator/pkg/controller/mongodbatlasproject/mongodbatlasproject_controller.go:153.16,154.29 1 0
github.com/Knappek/mongodbatlas-operator/pkg/controller/mongodbatlasproject/mongodbatlasproject_controller.go:158.3,158.74 1 0
github.com/Knappek/mongodbatlas-operator/pkg/controller/mongodbatlasproject/mongodbatlasproject_controller.go:154.29,157.4 2 0
github.com/Knappek/mongodbatlas-operator/pkg/controller/mongodbatlasproject/mongodbatlasproject_controller.go:164.16,166.3 1 0
github.com/Knappek/mongodbatlas-operator/pkg/controller/mongodbatlasproject/mongodbatlasproject_controller.go:172.123,173.69 1 1
github.com/Knappek/mongodbatlas-operator/pkg/controller/mongodbatlasproject/mongodbatlasproject_controller.go:183.2,183.12 1 1
github.com/Knappek/mongodbatlas-operator/pkg/controller/mongodbatlasproject/mongodbatlasproject_controller.go:173.69,178.17 3 1
github.com/Knappek/mongodbatlas-operator/pkg/controller/mongodbatlasproject/mongodbatlasproject_controller.go:178.17,181.4 2 0
